2020-03-25 00:28:27,211 CACHEDIR=/home/salma/.cache/matplotlib
2020-03-25 00:28:27,255 Using fontManager instance from /home/salma/.cache/matplotlib/fontlist-v300.json
2020-03-25 00:28:27,804 Loaded backend qt5agg version unknown.
2020-03-25 00:28:27,805 Loaded backend Qt5Agg version unknown.
2020-03-25 00:28:35,009 Open Image0
2020-03-25 00:28:35,010 Display Image
2020-03-25 00:28:39,609 Open Image1
2020-03-25 00:28:39,609 Two images have the same size
2020-03-25 00:28:39,610 Display Image
2020-03-25 00:28:42,283 Image 1 is selected as input 1
2020-03-25 00:28:44,415 Image 1 is selected as input 2
2020-03-25 00:28:48,382 Magnitude is selected as component  1
2020-03-25 00:28:50,094 Phase is selected as component  2
2020-03-25 00:28:50,095 start mixing
2020-03-25 00:28:50,157 Transfrom the components from complex forms into time
2020-03-25 00:28:50,178 Finish mixing
2020-03-25 00:28:50,180 Real of input 1 $ imaginary of input 2
2020-03-25 00:28:50,181 start mixing
2020-03-25 00:28:50,232 Transfrom the components from complex forms into time
2020-03-25 00:28:50,251 Finish mixing
2020-03-25 00:28:50,252 Real of input 1 $ imaginary of input 2
2020-03-25 00:28:50,255 Display Image
2020-03-25 00:28:58,314 Value of slider1changed
2020-03-25 00:28:58,314 start mixing
2020-03-25 00:28:58,369 Transfrom the components from complex forms into time
2020-03-25 00:28:58,388 Finish mixing
2020-03-25 00:28:58,389 Real of input 1 $ imaginary of input 2
2020-03-25 00:28:58,389 start mixing
2020-03-25 00:28:58,455 Transfrom the components from complex forms into time
2020-03-25 00:28:58,482 Finish mixing
2020-03-25 00:28:58,483 Real of input 1 $ imaginary of input 2
2020-03-25 00:28:58,487 Display Image
2020-03-25 00:28:59,945 Value of slider1changed
2020-03-25 00:28:59,945 start mixing
2020-03-25 00:29:00,000 Transfrom the components from complex forms into time
2020-03-25 00:29:00,019 Finish mixing
2020-03-25 00:29:00,021 Real of input 1 $ imaginary of input 2
2020-03-25 00:29:00,021 start mixing
2020-03-25 00:29:00,093 Transfrom the components from complex forms into time
2020-03-25 00:29:00,121 Finish mixing
2020-03-25 00:29:00,123 Real of input 1 $ imaginary of input 2
2020-03-25 00:29:00,126 Display Image
2020-03-25 00:29:02,912 Value of slider1changed
2020-03-25 00:29:02,913 start mixing
2020-03-25 00:29:02,964 Transfrom the components from complex forms into time
2020-03-25 00:29:02,986 Finish mixing
2020-03-25 00:29:02,988 Real of input 1 $ imaginary of input 2
2020-03-25 00:29:02,988 start mixing
2020-03-25 00:29:03,057 Transfrom the components from complex forms into time
2020-03-25 00:29:03,085 Finish mixing
2020-03-25 00:29:03,087 Real of input 1 $ imaginary of input 2
2020-03-25 00:29:03,090 Display Image
2020-03-25 00:29:04,793 Value of slider2changed
2020-03-25 00:29:04,793 start mixing
2020-03-25 00:29:04,846 Transfrom the components from complex forms into time
2020-03-25 00:29:04,865 Finish mixing
2020-03-25 00:29:04,866 Real of input 1 $ imaginary of input 2
2020-03-25 00:29:04,866 start mixing
2020-03-25 00:29:04,917 Transfrom the components from complex forms into time
2020-03-25 00:29:04,939 Finish mixing
2020-03-25 00:29:04,942 Real of input 1 $ imaginary of input 2
2020-03-25 00:29:04,946 Display Image
2020-03-25 00:29:05,414 Value of slider2changed
2020-03-25 00:29:05,415 start mixing
2020-03-25 00:29:05,465 Transfrom the components from complex forms into time
2020-03-25 00:29:05,489 Finish mixing
2020-03-25 00:29:05,493 Real of input 1 $ imaginary of input 2
2020-03-25 00:29:05,493 start mixing
2020-03-25 00:29:05,563 Transfrom the components from complex forms into time
2020-03-25 00:29:05,591 Finish mixing
2020-03-25 00:29:05,593 Real of input 1 $ imaginary of input 2
2020-03-25 00:29:05,596 Display Image
2020-03-25 00:29:07,547 Value of slider2changed
2020-03-25 00:29:07,547 start mixing
2020-03-25 00:29:07,603 Transfrom the components from complex forms into time
2020-03-25 00:29:07,625 Finish mixing
2020-03-25 00:29:07,627 Real of input 1 $ imaginary of input 2
2020-03-25 00:29:07,627 start mixing
2020-03-25 00:29:07,695 Transfrom the components from complex forms into time
2020-03-25 00:29:07,718 Finish mixing
2020-03-25 00:29:07,719 Real of input 1 $ imaginary of input 2
2020-03-25 00:29:07,723 Display Image
2020-03-25 00:29:16,670 Value of slider1changed
2020-03-25 00:29:16,670 start mixing
2020-03-25 00:29:16,726 Transfrom the components from complex forms into time
2020-03-25 00:29:16,746 Finish mixing
2020-03-25 00:29:16,747 Real of input 1 $ imaginary of input 2
2020-03-25 00:29:16,747 start mixing
2020-03-25 00:29:16,816 Transfrom the components from complex forms into time
2020-03-25 00:29:16,844 Finish mixing
2020-03-25 00:29:16,845 Real of input 1 $ imaginary of input 2
2020-03-25 00:29:16,849 Display Image
2020-03-25 00:29:18,661 Value of slider1changed
2020-03-25 00:29:18,662 start mixing
2020-03-25 00:29:18,714 Transfrom the components from complex forms into time
2020-03-25 00:29:18,734 Finish mixing
2020-03-25 00:29:18,736 Real of input 1 $ imaginary of input 2
2020-03-25 00:29:18,736 start mixing
2020-03-25 00:29:18,806 Transfrom the components from complex forms into time
2020-03-25 00:29:18,836 Finish mixing
2020-03-25 00:29:18,838 Real of input 1 $ imaginary of input 2
2020-03-25 00:29:18,841 Display Image
2020-03-25 00:29:20,080 Value of slider1changed
2020-03-25 00:29:20,081 start mixing
2020-03-25 00:29:20,132 Transfrom the components from complex forms into time
2020-03-25 00:29:20,150 Finish mixing
2020-03-25 00:29:20,152 Real of input 1 $ imaginary of input 2
2020-03-25 00:29:20,153 start mixing
2020-03-25 00:29:20,211 Transfrom the components from complex forms into time
2020-03-25 00:29:20,231 Finish mixing
2020-03-25 00:29:20,233 Real of input 1 $ imaginary of input 2
2020-03-25 00:29:20,236 Display Image
2020-03-25 00:29:22,014 Value of slider1changed
2020-03-25 00:29:22,015 start mixing
2020-03-25 00:29:22,072 Transfrom the components from complex forms into time
2020-03-25 00:29:22,093 Finish mixing
2020-03-25 00:29:22,095 Real of input 1 $ imaginary of input 2
2020-03-25 00:29:22,096 start mixing
2020-03-25 00:29:22,143 Transfrom the components from complex forms into time
2020-03-25 00:29:22,162 Finish mixing
2020-03-25 00:29:22,164 Real of input 1 $ imaginary of input 2
2020-03-25 00:29:22,167 Display Image
2020-03-25 00:29:24,042 Value of slider2changed
2020-03-25 00:29:24,042 start mixing
2020-03-25 00:29:24,094 Transfrom the components from complex forms into time
2020-03-25 00:29:24,112 Finish mixing
2020-03-25 00:29:24,113 Real of input 1 $ imaginary of input 2
2020-03-25 00:29:24,114 start mixing
2020-03-25 00:29:24,164 Transfrom the components from complex forms into time
2020-03-25 00:29:24,190 Finish mixing
2020-03-25 00:29:24,191 Real of input 1 $ imaginary of input 2
2020-03-25 00:29:24,193 Display Image
2020-03-25 00:29:25,033 Value of slider2changed
2020-03-25 00:29:25,034 start mixing
2020-03-25 00:29:25,087 Transfrom the components from complex forms into time
2020-03-25 00:29:25,106 Finish mixing
2020-03-25 00:29:25,107 Real of input 1 $ imaginary of input 2
2020-03-25 00:29:25,107 start mixing
2020-03-25 00:29:25,161 Transfrom the components from complex forms into time
2020-03-25 00:29:25,181 Finish mixing
2020-03-25 00:29:25,183 Real of input 1 $ imaginary of input 2
2020-03-25 00:29:25,186 Display Image
2020-03-25 00:29:26,020 Value of slider2changed
2020-03-25 00:29:26,020 start mixing
2020-03-25 00:29:26,077 Transfrom the components from complex forms into time
2020-03-25 00:29:26,097 Finish mixing
2020-03-25 00:29:26,099 Real of input 1 $ imaginary of input 2
2020-03-25 00:29:26,099 start mixing
2020-03-25 00:29:26,169 Transfrom the components from complex forms into time
2020-03-25 00:29:26,193 Finish mixing
2020-03-25 00:29:26,194 Real of input 1 $ imaginary of input 2
2020-03-25 00:29:26,198 Display Image
2020-03-25 00:29:27,960 Value of slider2changed
2020-03-25 00:29:27,960 start mixing
2020-03-25 00:29:28,017 Transfrom the components from complex forms into time
2020-03-25 00:29:28,037 Finish mixing
2020-03-25 00:29:28,038 Real of input 1 $ imaginary of input 2
2020-03-25 00:29:28,038 start mixing
2020-03-25 00:29:28,089 Transfrom the components from complex forms into time
2020-03-25 00:29:28,106 Finish mixing
2020-03-25 00:29:28,107 Real of input 1 $ imaginary of input 2
2020-03-25 00:29:28,110 Display Image
2020-03-25 00:30:39,387 start mixing
2020-03-25 00:30:39,446 Transfrom the components from complex forms into time
2020-03-25 00:30:39,463 Finish mixing
2020-03-25 00:30:39,465 Real of input 1 $ imaginary of input 2
2020-03-25 00:30:39,465 start mixing
2020-03-25 00:30:39,529 Transfrom the components from complex forms into time
2020-03-25 00:30:39,553 Finish mixing
2020-03-25 00:30:39,554 Real of input 1 $ imaginary of input 2
2020-03-25 00:30:39,558 Display Image
2020-03-25 00:30:45,112 Phase is selected as component  1
2020-03-25 00:30:46,918 Magnitude is selected as component  2
2020-03-25 00:30:46,919 start mixing
2020-03-25 00:30:46,977 Transfrom the components from complex forms into time
2020-03-25 00:30:46,994 Finish mixing
2020-03-25 00:30:46,995 Real of input 1 $ imaginary of input 2
2020-03-25 00:30:46,995 start mixing
2020-03-25 00:30:47,060 Transfrom the components from complex forms into time
2020-03-25 00:30:47,078 Finish mixing
2020-03-25 00:30:47,079 Real of input 1 $ imaginary of input 2
2020-03-25 00:30:47,082 Display Image
2020-03-25 00:31:19,113 combobox0Clicked
2020-03-25 00:31:19,113 FT_Mag Component is selected
2020-03-25 00:31:19,121 Display Image
2020-03-25 00:31:21,200 combobox1Clicked
2020-03-25 00:31:21,200 Imag Component is selected
2020-03-25 00:31:21,209 Display Image
2020-03-25 00:31:56,138 start mixing
2020-03-25 00:31:56,192 Transfrom the components from complex forms into time
2020-03-25 00:31:56,211 Finish mixing
2020-03-25 00:31:56,213 Real of input 1 $ imaginary of input 2
2020-03-25 00:31:56,213 start mixing
2020-03-25 00:31:56,260 Transfrom the components from complex forms into time
2020-03-25 00:31:56,281 Finish mixing
2020-03-25 00:31:56,283 Real of input 1 $ imaginary of input 2
2020-03-25 00:31:56,286 Display Image
2020-03-25 00:31:59,920 Imaginary is selected as component  2
2020-03-25 00:32:01,872 Real is selected as component  1
2020-03-25 00:32:01,873 start mixing
2020-03-25 00:32:01,928 Transfrom the components from complex forms into time
2020-03-25 00:32:01,935 Finish mixing
2020-03-25 00:32:01,936 Real of input 1 $ imaginary of input 2
2020-03-25 00:32:01,939 Display Image
2020-03-25 00:32:39,400 Image 1 is selected as input 1
2020-03-25 00:32:39,400 start mixing
2020-03-25 00:32:39,451 Transfrom the components from complex forms into time
2020-03-25 00:32:39,460 Finish mixing
2020-03-25 00:32:39,461 Real of input 1 $ imaginary of input 2
2020-03-25 00:32:39,466 Display Image
2020-03-25 00:32:42,413 Image 1 is selected as input 2
2020-03-25 00:32:42,413 start mixing
2020-03-25 00:32:42,472 Transfrom the components from complex forms into time
2020-03-25 00:32:42,478 Finish mixing
2020-03-25 00:32:42,479 Real of input 1 $ imaginary of input 2
2020-03-25 00:32:42,482 Display Image
2020-03-25 00:33:10,802 Image 1 is selected as input 1
2020-03-25 00:33:10,803 start mixing
2020-03-25 00:33:10,860 Transfrom the components from complex forms into time
2020-03-25 00:33:10,868 Finish mixing
2020-03-25 00:33:10,869 Real of input 1 $ imaginary of input 2
2020-03-25 00:33:10,873 Display Image
2020-03-25 00:33:21,723 Image 1 is selected as input 2
2020-03-25 00:33:21,723 start mixing
2020-03-25 00:33:21,779 Transfrom the components from complex forms into time
2020-03-25 00:33:21,785 Finish mixing
2020-03-25 00:33:21,786 Real of input 1 $ imaginary of input 2
2020-03-25 00:33:21,789 Display Image
2020-03-25 00:34:04,800 Value of slider2changed
2020-03-25 00:34:04,800 start mixing
2020-03-25 00:34:04,870 Transfrom the components from complex forms into time
2020-03-25 00:34:04,878 Finish mixing
2020-03-25 00:34:04,881 Real of input 1 $ imaginary of input 2
2020-03-25 00:34:04,888 Display Image
2020-03-25 00:34:05,590 Value of slider2changed
2020-03-25 00:34:05,591 start mixing
2020-03-25 00:34:05,643 Transfrom the components from complex forms into time
2020-03-25 00:34:05,651 Finish mixing
2020-03-25 00:34:05,653 Real of input 1 $ imaginary of input 2
2020-03-25 00:34:05,656 Display Image
2020-03-25 00:34:08,425 Value of slider2changed
2020-03-25 00:34:08,426 start mixing
2020-03-25 00:34:08,478 Transfrom the components from complex forms into time
2020-03-25 00:34:08,487 Finish mixing
2020-03-25 00:34:08,488 Real of input 1 $ imaginary of input 2
2020-03-25 00:34:08,493 Display Image
2020-03-25 00:34:10,066 Value of slider2changed
2020-03-25 00:34:10,067 start mixing
2020-03-25 00:34:10,119 Transfrom the components from complex forms into time
2020-03-25 00:34:10,125 Finish mixing
2020-03-25 00:34:10,126 Real of input 1 $ imaginary of input 2
2020-03-25 00:34:10,129 Display Image
2020-03-25 00:34:32,159 Value of slider1changed
2020-03-25 00:34:32,160 start mixing
2020-03-25 00:34:32,215 Transfrom the components from complex forms into time
2020-03-25 00:34:32,224 Finish mixing
2020-03-25 00:34:32,225 Real of input 1 $ imaginary of input 2
2020-03-25 00:34:32,229 Display Image
2020-03-25 00:34:32,674 Value of slider1changed
2020-03-25 00:34:32,674 start mixing
2020-03-25 00:34:32,729 Transfrom the components from complex forms into time
2020-03-25 00:34:32,741 Finish mixing
2020-03-25 00:34:32,742 Real of input 1 $ imaginary of input 2
2020-03-25 00:34:32,746 Display Image
2020-03-25 00:34:33,229 Value of slider1changed
2020-03-25 00:34:33,230 start mixing
2020-03-25 00:34:33,284 Transfrom the components from complex forms into time
2020-03-25 00:34:33,291 Finish mixing
2020-03-25 00:34:33,292 Real of input 1 $ imaginary of input 2
2020-03-25 00:34:33,297 Display Image
2020-03-25 00:34:33,807 Value of slider1changed
2020-03-25 00:34:33,808 start mixing
2020-03-25 00:34:33,863 Transfrom the components from complex forms into time
2020-03-25 00:34:33,869 Finish mixing
2020-03-25 00:34:33,870 Real of input 1 $ imaginary of input 2
2020-03-25 00:34:33,873 Display Image
2020-03-25 00:34:34,215 Value of slider1changed
2020-03-25 00:34:34,215 start mixing
2020-03-25 00:34:34,275 Transfrom the components from complex forms into time
2020-03-25 00:34:34,280 Finish mixing
2020-03-25 00:34:34,281 Real of input 1 $ imaginary of input 2
2020-03-25 00:34:34,285 Display Image
2020-03-25 00:34:35,248 Value of slider1changed
2020-03-25 00:34:35,248 start mixing
2020-03-25 00:34:35,302 Transfrom the components from complex forms into time
2020-03-25 00:34:35,308 Finish mixing
2020-03-25 00:34:35,309 Real of input 1 $ imaginary of input 2
2020-03-25 00:34:35,314 Display Image
2020-03-25 00:34:36,235 Value of slider1changed
2020-03-25 00:34:36,236 start mixing
2020-03-25 00:34:36,290 Transfrom the components from complex forms into time
2020-03-25 00:34:36,301 Finish mixing
2020-03-25 00:34:36,303 Real of input 1 $ imaginary of input 2
2020-03-25 00:34:36,306 Display Image
2020-03-25 00:34:44,080 Value of slider1changed
2020-03-25 00:34:44,081 start mixing
2020-03-25 00:34:44,134 Transfrom the components from complex forms into time
2020-03-25 00:34:44,145 Finish mixing
2020-03-25 00:34:44,147 Real of input 1 $ imaginary of input 2
2020-03-25 00:34:44,151 Display Image
2020-03-25 00:34:45,814 Value of slider1changed
2020-03-25 00:34:45,814 start mixing
2020-03-25 00:34:45,877 Transfrom the components from complex forms into time
2020-03-25 00:34:45,884 Finish mixing
2020-03-25 00:34:45,885 Real of input 1 $ imaginary of input 2
2020-03-25 00:34:45,888 Display Image
2020-03-25 00:34:48,608 Value of slider2changed
2020-03-25 00:34:48,609 start mixing
2020-03-25 00:34:48,669 Transfrom the components from complex forms into time
2020-03-25 00:34:48,679 Finish mixing
2020-03-25 00:34:48,680 Real of input 1 $ imaginary of input 2
2020-03-25 00:34:48,685 Display Image
2020-03-25 00:34:48,873 Value of slider2changed
2020-03-25 00:34:48,873 start mixing
2020-03-25 00:34:48,927 Transfrom the components from complex forms into time
2020-03-25 00:34:48,932 Finish mixing
2020-03-25 00:34:48,933 Real of input 1 $ imaginary of input 2
2020-03-25 00:34:48,937 Display Image
2020-03-25 00:34:51,862 Value of slider2changed
2020-03-25 00:34:51,863 start mixing
2020-03-25 00:34:51,921 Transfrom the components from complex forms into time
2020-03-25 00:34:51,928 Finish mixing
2020-03-25 00:34:51,929 Real of input 1 $ imaginary of input 2
2020-03-25 00:34:51,933 Display Image
2020-03-25 00:34:51,936 Value of slider2changed
2020-03-25 00:34:51,936 start mixing
2020-03-25 00:34:52,008 Transfrom the components from complex forms into time
2020-03-25 00:34:52,021 Finish mixing
2020-03-25 00:34:52,022 Real of input 1 $ imaginary of input 2
2020-03-25 00:34:52,027 Display Image
2020-03-25 00:34:52,029 Value of slider2changed
2020-03-25 00:34:52,030 start mixing
2020-03-25 00:34:52,104 Transfrom the components from complex forms into time
2020-03-25 00:34:52,111 Finish mixing
2020-03-25 00:34:52,113 Real of input 1 $ imaginary of input 2
2020-03-25 00:34:52,118 Display Image
2020-03-25 00:34:52,121 Value of slider2changed
2020-03-25 00:34:52,121 start mixing
2020-03-25 00:34:52,196 Transfrom the components from complex forms into time
2020-03-25 00:34:52,204 Finish mixing
2020-03-25 00:34:52,206 Real of input 1 $ imaginary of input 2
2020-03-25 00:34:52,211 Display Image
2020-03-25 00:34:52,214 Value of slider2changed
2020-03-25 00:34:52,214 start mixing
2020-03-25 00:34:52,286 Transfrom the components from complex forms into time
2020-03-25 00:34:52,294 Finish mixing
2020-03-25 00:34:52,295 Real of input 1 $ imaginary of input 2
2020-03-25 00:34:52,299 Display Image
2020-03-25 00:34:52,302 Value of slider2changed
2020-03-25 00:34:52,303 start mixing
2020-03-25 00:34:52,372 Transfrom the components from complex forms into time
2020-03-25 00:34:52,378 Finish mixing
2020-03-25 00:34:52,380 Real of input 1 $ imaginary of input 2
2020-03-25 00:34:52,384 Display Image
2020-03-25 00:34:52,387 Value of slider2changed
2020-03-25 00:34:52,387 start mixing
2020-03-25 00:34:52,440 Transfrom the components from complex forms into time
2020-03-25 00:34:52,445 Finish mixing
2020-03-25 00:34:52,446 Real of input 1 $ imaginary of input 2
2020-03-25 00:34:52,450 Display Image
2020-03-25 00:34:52,787 Value of slider2changed
2020-03-25 00:34:52,788 start mixing
2020-03-25 00:34:52,844 Transfrom the components from complex forms into time
2020-03-25 00:34:52,855 Finish mixing
2020-03-25 00:34:52,856 Real of input 1 $ imaginary of input 2
2020-03-25 00:34:52,861 Display Image
2020-03-25 00:34:52,864 Value of slider2changed
2020-03-25 00:34:52,864 start mixing
2020-03-25 00:34:52,937 Transfrom the components from complex forms into time
2020-03-25 00:34:52,944 Finish mixing
2020-03-25 00:34:52,945 Real of input 1 $ imaginary of input 2
2020-03-25 00:34:52,950 Display Image
2020-03-25 00:34:52,953 Value of slider2changed
2020-03-25 00:34:52,954 start mixing
2020-03-25 00:34:53,024 Transfrom the components from complex forms into time
2020-03-25 00:34:53,033 Finish mixing
2020-03-25 00:34:53,034 Real of input 1 $ imaginary of input 2
2020-03-25 00:34:53,039 Display Image
2020-03-25 00:34:53,202 Value of slider2changed
2020-03-25 00:34:53,202 start mixing
2020-03-25 00:34:53,258 Transfrom the components from complex forms into time
2020-03-25 00:34:53,271 Finish mixing
2020-03-25 00:34:53,272 Real of input 1 $ imaginary of input 2
2020-03-25 00:34:53,277 Display Image
2020-03-25 00:34:53,377 Value of slider2changed
2020-03-25 00:34:53,377 start mixing
2020-03-25 00:34:53,433 Transfrom the components from complex forms into time
2020-03-25 00:34:53,440 Finish mixing
2020-03-25 00:34:53,442 Real of input 1 $ imaginary of input 2
2020-03-25 00:34:53,446 Display Image
2020-03-25 00:34:53,564 Value of slider2changed
2020-03-25 00:34:53,564 start mixing
2020-03-25 00:34:53,617 Transfrom the components from complex forms into time
2020-03-25 00:34:53,624 Finish mixing
2020-03-25 00:34:53,627 Real of input 1 $ imaginary of input 2
2020-03-25 00:34:53,633 Display Image
2020-03-25 00:35:09,316 combobox1Clicked
2020-03-25 00:35:09,317 FT_Mag Component is selected
2020-03-25 00:35:09,323 Display Image
2020-03-25 00:35:11,547 combobox1Clicked
2020-03-25 00:35:11,548 FT_Phase Component is selected
2020-03-25 00:35:11,556 Display Image
