2020-03-29 05:03:38,135 Open Image0
2020-03-29 05:03:38,136 Display Image
2020-03-29 05:03:40,548 Image 1 is selected as input 1
2020-03-29 05:03:41,803 Image 1 is selected as input 2
2020-03-29 05:03:45,475 unifrom magnitude is selected as component  1
2020-03-29 05:03:47,756 unifrom phase is selected as component  2
2020-03-29 05:03:47,757 start mixing
2020-03-29 05:03:47,819 Transfrom the components from complex forms into time
2020-03-29 05:03:47,839 Finish mixing
2020-03-29 05:03:47,841 unifromMagnitude of input 1 $ unifromPhase of input 2
2020-03-29 05:03:47,842 start mixing
2020-03-29 05:03:47,910 Transfrom the components from complex forms into time
2020-03-29 05:03:47,938 Finish mixing
2020-03-29 05:03:47,940 unifromMagnitude of input 2 $ unifromPhase of input 1
2020-03-29 05:03:51,967 Value of slider1changed
2020-03-29 05:03:51,968 start mixing
2020-03-29 05:03:52,023 Transfrom the components from complex forms into time
2020-03-29 05:03:52,043 Finish mixing
2020-03-29 05:03:52,044 unifromMagnitude of input 1 $ unifromPhase of input 2
2020-03-29 05:03:52,044 start mixing
2020-03-29 05:03:52,109 Transfrom the components from complex forms into time
2020-03-29 05:03:52,136 Finish mixing
2020-03-29 05:03:52,138 unifromMagnitude of input 2 $ unifromPhase of input 1
2020-03-29 05:03:52,142 Display Image
2020-03-29 05:03:53,317 Value of slider1changed
2020-03-29 05:03:53,317 start mixing
2020-03-29 05:03:53,368 Transfrom the components from complex forms into time
2020-03-29 05:03:53,387 Finish mixing
2020-03-29 05:03:53,388 unifromMagnitude of input 1 $ unifromPhase of input 2
2020-03-29 05:03:53,388 start mixing
2020-03-29 05:03:53,437 Transfrom the components from complex forms into time
2020-03-29 05:03:53,457 Finish mixing
2020-03-29 05:03:53,459 unifromMagnitude of input 2 $ unifromPhase of input 1
2020-03-29 05:03:53,464 Display Image
2020-03-29 05:03:54,444 Value of slider1changed
2020-03-29 05:03:54,444 start mixing
2020-03-29 05:03:54,501 Transfrom the components from complex forms into time
2020-03-29 05:03:54,519 Finish mixing
2020-03-29 05:03:54,521 unifromMagnitude of input 1 $ unifromPhase of input 2
2020-03-29 05:03:54,522 start mixing
2020-03-29 05:03:54,578 Transfrom the components from complex forms into time
2020-03-29 05:03:54,597 Finish mixing
2020-03-29 05:03:54,599 unifromMagnitude of input 2 $ unifromPhase of input 1
2020-03-29 05:03:54,603 Display Image
2020-03-29 05:03:57,558 Magnitude is selected as component  1
2020-03-29 05:03:57,558 start mixing
2020-03-29 05:03:57,613 Transfrom the components from complex forms into time
2020-03-29 05:03:57,629 Finish mixing
2020-03-29 05:03:57,630 Magnitude of input 1 $ unifromPhase of input 2
2020-03-29 05:03:57,630 start mixing
2020-03-29 05:03:57,685 Transfrom the components from complex forms into time
2020-03-29 05:03:57,709 Finish mixing
2020-03-29 05:03:57,710 Magnitude of input 2 $ unifromPhase of input 1
2020-03-29 05:03:57,714 Display Image
2020-03-29 05:04:00,832 unifrom phase is selected as component  2
2020-03-29 05:04:00,833 start mixing
2020-03-29 05:04:00,892 Transfrom the components from complex forms into time
2020-03-29 05:04:00,910 Finish mixing
2020-03-29 05:04:00,911 Magnitude of input 1 $ unifromPhase of input 2
2020-03-29 05:04:00,911 start mixing
2020-03-29 05:04:00,963 Transfrom the components from complex forms into time
2020-03-29 05:04:00,985 Finish mixing
2020-03-29 05:04:00,986 Magnitude of input 2 $ unifromPhase of input 1
2020-03-29 05:04:00,991 Display Image
2020-03-29 05:04:03,837 start mixing
2020-03-29 05:04:03,894 Transfrom the components from complex forms into time
2020-03-29 05:04:03,913 Finish mixing
2020-03-29 05:04:03,914 Magnitude of input 1 $ unifromPhase of input 2
2020-03-29 05:04:03,914 start mixing
2020-03-29 05:04:03,969 Transfrom the components from complex forms into time
2020-03-29 05:04:03,989 Finish mixing
2020-03-29 05:04:03,990 Magnitude of input 2 $ unifromPhase of input 1
2020-03-29 05:04:03,995 Display Image
2020-03-29 05:04:09,260 start mixing
2020-03-29 05:04:09,317 Transfrom the components from complex forms into time
2020-03-29 05:04:09,335 Finish mixing
2020-03-29 05:04:09,336 Magnitude of input 1 $ unifromPhase of input 2
2020-03-29 05:04:09,336 start mixing
2020-03-29 05:04:09,385 Transfrom the components from complex forms into time
2020-03-29 05:04:09,405 Finish mixing
2020-03-29 05:04:09,406 Magnitude of input 2 $ unifromPhase of input 1
2020-03-29 05:04:09,411 Display Image
2020-03-29 05:04:11,297 Imaginary is selected as component  1
2020-03-29 05:04:15,645 Value of slider1changed
2020-03-29 05:04:17,005 Value of slider2changed
2020-03-29 05:04:18,898 Real is selected as component  2
2020-03-29 05:04:21,203 Value of slider2changed
2020-03-29 05:04:21,204 start mixing
2020-03-29 05:04:21,255 Transfrom the components from complex forms into time
2020-03-29 05:04:21,260 Finish mixing
2020-03-29 05:04:21,262 Real of input 1 $ imaginary of input 2
2020-03-29 05:04:21,266 Display Image
2020-03-29 05:04:22,775 Value of slider2changed
2020-03-29 05:04:22,775 start mixing
2020-03-29 05:04:22,832 Transfrom the components from complex forms into time
2020-03-29 05:04:22,838 Finish mixing
2020-03-29 05:04:22,839 Real of input 1 $ imaginary of input 2
2020-03-29 05:04:22,844 Display Image
2020-03-29 05:04:24,063 Value of slider2changed
2020-03-29 05:04:24,064 start mixing
2020-03-29 05:04:24,117 Transfrom the components from complex forms into time
2020-03-29 05:04:24,124 Finish mixing
2020-03-29 05:04:24,125 Real of input 1 $ imaginary of input 2
2020-03-29 05:04:24,129 Display Image
